2024-11-07 00:17:25,297 [INFO] in AsyncAppender-Worker-ASYNCSTDOUT - [[34mINFO [0;39m] c.jpro.activity - Starting the server - AsyncAppender-Worker-ASYNCSTDOUT
2024-11-07 00:17:25,298 [INFO] in AsyncAppender-Worker-ASYNCSTDOUT - [[34mINFO [0;39m] c.j.i.s.JProInitializer$ -  *** Starting JPro: https://www.jpro.one/ *** - AsyncAppender-Worker-ASYNCSTDOUT
2024-11-07 00:17:25,298 [INFO] in AsyncAppender-Worker-ASYNCSTDOUT - [[34mINFO [0;39m] c.j.i.s.JProInitializer$ - OS: Mac OS X - AsyncAppender-Worker-ASYNCSTDOUT
2024-11-07 00:17:25,308 [INFO] in AsyncAppender-Worker-ASYNCSTDOUT - [[34mINFO [0;39m] c.j.i.s.JProInitializer$ - JPro: 2024.4.0 - AsyncAppender-Worker-ASYNCSTDOUT
2024-11-07 00:17:25,308 [INFO] in AsyncAppender-Worker-ASYNCSTDOUT - [[34mINFO [0;39m] c.j.i.s.JProInitializer$ - Java version: 23 - AsyncAppender-Worker-ASYNCSTDOUT
2024-11-07 00:17:25,308 [INFO] in AsyncAppender-Worker-ASYNCSTDOUT - [[34mINFO [0;39m] c.j.i.s.JProInitializer$ - JVM: 23 Homebrew - AsyncAppender-Worker-ASYNCSTDOUT
2024-11-07 00:17:25,311 [INFO] in AsyncAppender-Worker-ASYNCSTDOUT - [[34mINFO [0;39m] c.j.i.s.JProInitializer$ - JavaFX jar: file:/Users/ragrwal/.m2/repository/org/openjfx/javafx-graphics/23.0.1-jpro/javafx-graphics-23.0.1-jpro-mac-aarch64.jar - AsyncAppender-Worker-ASYNCSTDOUT
2024-11-07 00:17:25,312 [INFO] in AsyncAppender-Worker-ASYNCSTDOUT - [[34mINFO [0;39m] c.j.i.s.JProInitializer$ - Configuring logging from url: 'jar:file:/Users/ragrwal/.m2/repository/com/sandec/jpro/jpro-server_2.12/2024.4.0/jpro-server_2.12-2024.4.0.jar!/logback-jpro-default.xml' - AsyncAppender-Worker-ASYNCSTDOUT
2024-11-07 00:17:25,617 [INFO] in AsyncAppender-Worker-ASYNCSTDOUT - [[34mINFO [0;39m] c.j.i.s.JProInitializer$ - JavaFX version: 23.0.1-jpro+0 - AsyncAppender-Worker-ASYNCSTDOUT
2024-11-07 00:17:25,644 [INFO] in JavaFX Application Thread - G1 Young Generation - JavaFX Application Thread
2024-11-07 00:17:25,644 [INFO] in JavaFX Application Thread - G1 Concurrent GC - JavaFX Application Thread
2024-11-07 00:17:25,644 [INFO] in JavaFX Application Thread - G1 Old Generation - JavaFX Application Thread
2024-11-07 00:17:25,657 [INFO] in AsyncAppender-Worker-ASYNCSTDOUT - [[34mINFO [0;39m] c.j.i.s.JProInitializer$ - finished init! - AsyncAppender-Worker-ASYNCSTDOUT
2024-11-07 00:17:25,658 [INFO] in AsyncAppender-Worker-ASYNCSTDOUT - [[34mINFO [0;39m] c.j.i.s.JProInitializer$ - [JPro] -> Server started: {start_time: 1730963845285, os_name: Mac OS X, jpro_version: 2024.4.0} - AsyncAppender-Worker-ASYNCSTDOUT
2024-11-07 00:17:25,741 [INFO] in AsyncAppender-Worker-ASYNCSTDOUT - [[34mINFO [0;39m] a.e.s.Slf4jLogger - Slf4jLogger started - AsyncAppender-Worker-ASYNCSTDOUT
2024-11-07 00:17:25,982 [INFO] in AsyncAppender-Worker-ASYNCSTDOUT - [[34mINFO [0;39m] play.api.Play - Application started (Prod) (no global state) - AsyncAppender-Worker-ASYNCSTDOUT
2024-11-07 00:17:26,223 [INFO] in AsyncAppender-Worker-ASYNCSTDOUT - [[34mINFO [0;39m] p.c.s.AkkaHttpServer - Enabling HTTP/2 on Akka HTTP server... - AsyncAppender-Worker-ASYNCSTDOUT
2024-11-07 00:17:26,223 [INFO] in AsyncAppender-Worker-ASYNCSTDOUT - [[34mINFO [0;39m] p.c.s.AkkaHttpServer - Listening for HTTP on /[0:0:0:0:0:0:0:0]:8080 - AsyncAppender-Worker-ASYNCSTDOUT
2024-11-07 00:17:27,257 [INFO] in AsyncAppender-Worker-ASYNCSTDOUT - [[34mINFO [0;39m] c.jpro - application requested: default params: Map() - AsyncAppender-Worker-ASYNCSTDOUT
2024-11-07 00:17:27,261 [INFO] in AsyncAppender-Worker-ASYNCSTDOUT - [[34mINFO [0;39m] c.jpro - Creating Application: default - AsyncAppender-Worker-ASYNCSTDOUT
2024-11-07 00:17:27,266 [INFO] in AsyncAppender-Worker-ASYNCSTDOUT - [[34mINFO [0;39m] c.jpro - remoteAddress 0:0:0:0:0:0:0:1 - AsyncAppender-Worker-ASYNCSTDOUT
2024-11-07 00:17:27,266 [INFO] in AsyncAppender-Worker-ASYNCSTDOUT - [[34mINFO [0;39m] c.jpro - host          localhost:8080 - AsyncAppender-Worker-ASYNCSTDOUT
2024-11-07 00:17:27,266 [INFO] in AsyncAppender-Worker-ASYNCSTDOUT - [[34mINFO [0;39m] c.jpro - uri           /app/ws/default - AsyncAppender-Worker-ASYNCSTDOUT
2024-11-07 00:17:27,373 [INFO] in JavaFX Application Thread - PrismFontFactory - FontConfigManager.populateMaps!!!! - JavaFX Application Thread
2024-11-07 00:17:27,403 [INFO] in AsyncAppender-Worker-ASYNCSTDOUT - [[34mINFO [0;39m] c.j.i.s.ViewInfo$ - [JPro] -> View created: {app_name: default, host_name: localhost:8080, instance_id: 501410216, browser: Google Chrome 130.0.0.0, browser_url: http://localhost:8080/, client_ip: 0:0:0:0:0:0:0:1} - AsyncAppender-Worker-ASYNCSTDOUT
2024-11-07 00:17:27,594 [INFO] in AsyncAppender-Worker-ASYNCSTDOUT - [[34mINFO [0;39m] c.j.i.c.InstanceImpl - [JPro] -> Instance created: {app_name: default, host_name: localhost:8080, instance_id: 501410216, browser: Google Chrome 130.0.0.0, browser_url: http://localhost:8080/, client_ip: 0:0:0:0:0:0:0:1} - AsyncAppender-Worker-ASYNCSTDOUT
2024-11-07 00:17:33,902 [INFO] in JavaFX Application Thread - Role: buyer - JavaFX Application Thread
2024-11-07 00:17:33,904 [INFO] in JavaFX Application Thread - PG: buyer - JavaFX Application Thread
2024-11-07 00:17:33,904 [INFO] in JavaFX Application Thread - buyer - JavaFX Application Thread
2024-11-07 00:17:33,904 [INFO] in JavaFX Application Thread - Loading FXML: buyerLanding.fxml - JavaFX Application Thread
2024-11-07 00:17:33,904 [INFO] in JavaFX Application Thread - Loading FXML from: file:/Users/ragrwal/Documents/Rohan/ASU/F24%20Term%203%20Fall%202024/CSE%20360%20Intro%20to%20Software%20Engineering/Group%20Project/Phase3/BookstoreApp1/target/classes/buyerLanding.fxml - JavaFX Application Thread
2024-11-07 00:17:34,173 [INFO] in JavaFX Application Thread - Fetched listings with filters: {62552cdb-40c3-4846-965d-3c59ee78b66f=bookstore.lib.Listings$Listing@54af9c29} - JavaFX Application Thread
2024-11-07 00:17:34,174 [INFO] in JavaFX Application Thread - Updated ListView items: [To Kill a Mockingbird - $12.99 - Stock: 1] - JavaFX Application Thread
2024-11-07 00:17:34,289 [INFO] in AsyncAppender-Worker-ASYNCSTDOUT - [[34mINFO [0;39m] c.j.m.t.SceneInputListener - On disposing SceneInputListener: primaryScene.window was null. Skipped the forced release of the mouse. - AsyncAppender-Worker-ASYNCSTDOUT
2024-11-07 00:17:37,462 [INFO] in JavaFX Application Thread - Executing update: UPDATE "Listings" SET quantity = quantity - 1 WHERE "Listing_UUID" = '62552cdb-40c3-4846-965d-3c59ee78b66f'::uuid AND quantity > 0 - JavaFX Application Thread
2024-11-07 00:17:37,492 [INFO] in JavaFX Application Thread - Quantity updated successfully. - JavaFX Application Thread
2024-11-07 00:17:37,733 [INFO] in JavaFX Application Thread - Fetched listings with filters: {62552cdb-40c3-4846-965d-3c59ee78b66f=bookstore.lib.Listings$Listing@8c7fdd1} - JavaFX Application Thread
2024-11-07 00:17:37,733 [INFO] in JavaFX Application Thread - Updated ListView items: [To Kill a Mockingbird - $12.99 - Stock: 0] - JavaFX Application Thread
2024-11-07 00:17:37,736 [INFO] in JavaFX Application Thread - NEW PURCHASE LOGGED: Listing UUID: 62552cdb-40c3-4846-965d-3c59ee78b66f, User UUID: 14f25211-a163-4f8f-ad28-73ef7d8ee74c, Sell Price: 12.99, Buy Price: 8.5, Book Title: To Kill a Mockingbird - JavaFX Application Thread
2024-11-07 00:17:40,959 [INFO] in JavaFX Application Thread - Executing update: UPDATE "Listings" SET quantity = quantity - 1 WHERE "Listing_UUID" = '62552cdb-40c3-4846-965d-3c59ee78b66f'::uuid AND quantity > 0 - JavaFX Application Thread
2024-11-07 00:17:40,986 [INFO] in JavaFX Application Thread - No rows affected, attempting to delete listing. - JavaFX Application Thread
2024-11-07 00:17:41,264 [INFO] in JavaFX Application Thread - Fetched listings with filters: {} - JavaFX Application Thread
2024-11-07 00:17:41,265 [INFO] in JavaFX Application Thread - Updated ListView items: [] - JavaFX Application Thread
2024-11-07 00:17:56,699 [INFO] in AsyncAppender-Worker-ASYNCSTDOUT - [[34mINFO [0;39m] c.j.i.s.ViewInfo$ - [JPro] -> View closed: {app_name: default, host_name: localhost:8080, instance_id: 501410216, browser: Google Chrome 130.0.0.0, browser_url: http://localhost:8080/, client_ip: 0:0:0:0:0:0:0:1, reason: tab-closed} - AsyncAppender-Worker-ASYNCSTDOUT
2024-11-07 00:17:56,705 [INFO] in AsyncAppender-Worker-ASYNCSTDOUT - [[34mINFO [0;39m] c.j.i.s.ViewInfo$ -  - AsyncAppender-Worker-ASYNCSTDOUT
2024-11-07 00:17:56,705 [INFO] in AsyncAppender-Worker-ASYNCSTDOUT - [[34mINFO [0;39m] c.j.i.s.ViewInfo$ - Application closed: - AsyncAppender-Worker-ASYNCSTDOUT
2024-11-07 00:17:56,712 [INFO] in AsyncAppender-Worker-ASYNCSTDOUT - [[34mINFO [0;39m] c.j.i.s.ViewInfo$ - startTime      : Thu Nov 07 00:17:56 MST 2024       - AsyncAppender-Worker-ASYNCSTDOUT
2024-11-07 00:17:56,712 [INFO] in AsyncAppender-Worker-ASYNCSTDOUT - [[34mINFO [0;39m] c.j.i.s.ViewInfo$ - averageLatency : 00:00:00.002  - AsyncAppender-Worker-ASYNCSTDOUT
2024-11-07 00:17:56,713 [INFO] in AsyncAppender-Worker-ASYNCSTDOUT - [[34mINFO [0;39m] c.j.i.s.ViewInfo$ - averageJitter  : 00:00:00.000   - AsyncAppender-Worker-ASYNCSTDOUT
2024-11-07 00:17:56,713 [INFO] in AsyncAppender-Worker-ASYNCSTDOUT - [[34mINFO [0;39m] c.j.i.s.ViewInfo$ - framerateServer: 00:00:00.000 - AsyncAppender-Worker-ASYNCSTDOUT
2024-11-07 00:17:56,714 [INFO] in AsyncAppender-Worker-ASYNCSTDOUT - [[34mINFO [0;39m] c.j.i.s.ViewInfo$ - framerateClient: 00:00:00.000 - AsyncAppender-Worker-ASYNCSTDOUT
2024-11-07 00:17:56,714 [INFO] in AsyncAppender-Worker-ASYNCSTDOUT - [[34mINFO [0;39m] c.j.i.s.ViewInfo$ - raw            : 383401 - AsyncAppender-Worker-ASYNCSTDOUT
2024-11-07 00:17:56,714 [INFO] in AsyncAppender-Worker-ASYNCSTDOUT - [[34mINFO [0;39m] c.j.i.s.ViewInfo$ - zipped         : 93849 - AsyncAppender-Worker-ASYNCSTDOUT
2024-11-07 00:17:56,714 [INFO] in AsyncAppender-Worker-ASYNCSTDOUT - [[34mINFO [0;39m] c.j.i.s.ViewInfo$ -  - AsyncAppender-Worker-ASYNCSTDOUT
2024-11-07 00:17:57,700 [INFO] in AsyncAppender-Worker-ASYNCSTDOUT - [[34mINFO [0;39m] c.j.i.c.InstanceImpl - [JPro] -> Instance closed: {app_name: default, host_name: localhost:8080, instance_id: 501410216, browser: Google Chrome 130.0.0.0, browser_url: http://localhost:8080/, client_ip: 0:0:0:0:0:0:0:1, reason: close-tab-closed} - AsyncAppender-Worker-ASYNCSTDOUT
2024-11-07 00:18:06,912 [INFO] in AsyncAppender-Worker-ASYNCSTDOUT - [[34mINFO [0;39m] p.a.i.l.c.CoordinatedShutdownSupport - Starting synchronous coordinated shutdown with ServerStoppedReason reason and 2147508000 milliseconds timeout - AsyncAppender-Worker-ASYNCSTDOUT
2024-11-07 00:18:06,913 [INFO] in AsyncAppender-Worker-ASYNCSTDOUT - [[34mINFO [0;39m] a.a.CoordinatedShutdown - Running CoordinatedShutdown with reason [ServerStoppedReason] - AsyncAppender-Worker-ASYNCSTDOUT
2024-11-07 00:18:06,914 [INFO] in AsyncAppender-Worker-ASYNCSTDOUT - [[34mINFO [0;39m] p.c.s.AkkaHttpServer - Stopping Akka HTTP server... - AsyncAppender-Worker-ASYNCSTDOUT
2024-11-07 00:18:06,922 [INFO] in AsyncAppender-Worker-ASYNCSTDOUT - [[34mINFO [0;39m] p.c.s.AkkaHttpServer - Terminating server binding for /[0:0:0:0:0:0:0:0]:8080 - AsyncAppender-Worker-ASYNCSTDOUT
2024-11-07 00:18:06,929 [INFO] in AsyncAppender-Worker-ASYNCSTDOUT - [[34mINFO [0;39m] p.c.s.AkkaHttpServer - Running provided shutdown stop hooks - AsyncAppender-Worker-ASYNCSTDOUT
2024-11-07 00:18:06,930 [INFO] in AsyncAppender-Worker-ASYNCSTDOUT - [[34mINFO [0;39m] c.j.i.s.JProInitializer$ - [JPro] -> Server stopped: {running_time: 41.62s, instances_count: 0, views_count: 0, os_name: Mac OS X, jpro_version: 2024.4.0, reason: jvm-shutdown} - AsyncAppender-Worker-ASYNCSTDOUT
2024-11-07 00:18:06,930 [INFO] in AsyncAppender-Worker-ASYNCSTDOUT - [[34mINFO [0;39m] c.jpro.activity - Closing the server -> used memory: 43 MB  -  free system memory: 205 MB - AsyncAppender-Worker-ASYNCSTDOUT
2024-11-07 12:14:46,716 [INFO] in AsyncAppender-Worker-ASYNCSTDOUT - [[34mINFO [0;39m] c.jpro.activity - Starting the server - AsyncAppender-Worker-ASYNCSTDOUT
2024-11-07 12:14:46,716 [INFO] in AsyncAppender-Worker-ASYNCSTDOUT - [[34mINFO [0;39m] c.j.i.s.JProInitializer$ -  *** Starting JPro: https://www.jpro.one/ *** - AsyncAppender-Worker-ASYNCSTDOUT
2024-11-07 12:14:46,716 [INFO] in AsyncAppender-Worker-ASYNCSTDOUT - [[34mINFO [0;39m] c.j.i.s.JProInitializer$ - OS: Mac OS X - AsyncAppender-Worker-ASYNCSTDOUT
2024-11-07 12:14:46,720 [INFO] in AsyncAppender-Worker-ASYNCSTDOUT - [[34mINFO [0;39m] c.j.i.s.JProInitializer$ - JPro: 2024.4.0 - AsyncAppender-Worker-ASYNCSTDOUT
2024-11-07 12:14:46,720 [INFO] in AsyncAppender-Worker-ASYNCSTDOUT - [[34mINFO [0;39m] c.j.i.s.JProInitializer$ - Java version: 23 - AsyncAppender-Worker-ASYNCSTDOUT
2024-11-07 12:14:46,720 [INFO] in AsyncAppender-Worker-ASYNCSTDOUT - [[34mINFO [0;39m] c.j.i.s.JProInitializer$ - JVM: 23 Homebrew - AsyncAppender-Worker-ASYNCSTDOUT
2024-11-07 12:14:46,722 [INFO] in AsyncAppender-Worker-ASYNCSTDOUT - [[34mINFO [0;39m] c.j.i.s.JProInitializer$ - JavaFX jar: file:/Users/ragrwal/.m2/repository/org/openjfx/javafx-graphics/23.0.1-jpro/javafx-graphics-23.0.1-jpro-mac-aarch64.jar - AsyncAppender-Worker-ASYNCSTDOUT
2024-11-07 12:14:46,723 [INFO] in AsyncAppender-Worker-ASYNCSTDOUT - [[34mINFO [0;39m] c.j.i.s.JProInitializer$ - Configuring logging from url: 'jar:file:/Users/ragrwal/.m2/repository/com/sandec/jpro/jpro-server_2.12/2024.4.0/jpro-server_2.12-2024.4.0.jar!/logback-jpro-default.xml' - AsyncAppender-Worker-ASYNCSTDOUT
2024-11-07 12:14:46,924 [INFO] in AsyncAppender-Worker-ASYNCSTDOUT - [[34mINFO [0;39m] c.j.i.s.JProInitializer$ - JavaFX version: 23.0.1-jpro+0 - AsyncAppender-Worker-ASYNCSTDOUT
2024-11-07 12:14:46,953 [INFO] in JavaFX Application Thread - G1 Young Generation - JavaFX Application Thread
2024-11-07 12:14:46,953 [INFO] in JavaFX Application Thread - G1 Concurrent GC - JavaFX Application Thread
2024-11-07 12:14:46,953 [INFO] in JavaFX Application Thread - G1 Old Generation - JavaFX Application Thread
2024-11-07 12:14:46,965 [INFO] in AsyncAppender-Worker-ASYNCSTDOUT - [[34mINFO [0;39m] c.j.i.s.JProInitializer$ - finished init! - AsyncAppender-Worker-ASYNCSTDOUT
2024-11-07 12:14:46,967 [INFO] in AsyncAppender-Worker-ASYNCSTDOUT - [[34mINFO [0;39m] c.j.i.s.JProInitializer$ - [JPro] -> Server started: {start_time: 1731006886705, os_name: Mac OS X, jpro_version: 2024.4.0} - AsyncAppender-Worker-ASYNCSTDOUT
2024-11-07 12:14:47,151 [INFO] in AsyncAppender-Worker-ASYNCSTDOUT - [[34mINFO [0;39m] a.e.s.Slf4jLogger - Slf4jLogger started - AsyncAppender-Worker-ASYNCSTDOUT
2024-11-07 12:14:47,394 [INFO] in AsyncAppender-Worker-ASYNCSTDOUT - [[34mINFO [0;39m] play.api.Play - Application started (Prod) (no global state) - AsyncAppender-Worker-ASYNCSTDOUT
2024-11-07 12:14:47,646 [INFO] in AsyncAppender-Worker-ASYNCSTDOUT - [[34mINFO [0;39m] p.c.s.AkkaHttpServer - Enabling HTTP/2 on Akka HTTP server... - AsyncAppender-Worker-ASYNCSTDOUT
2024-11-07 12:14:47,646 [INFO] in AsyncAppender-Worker-ASYNCSTDOUT - [[34mINFO [0;39m] p.c.s.AkkaHttpServer - Listening for HTTP on /[0:0:0:0:0:0:0:0]:8080 - AsyncAppender-Worker-ASYNCSTDOUT
2024-11-07 12:14:48,426 [INFO] in AsyncAppender-Worker-ASYNCSTDOUT - [[34mINFO [0;39m] c.jpro - application requested: default params: Map() - AsyncAppender-Worker-ASYNCSTDOUT
2024-11-07 12:14:48,428 [INFO] in AsyncAppender-Worker-ASYNCSTDOUT - [[34mINFO [0;39m] c.jpro - Creating Application: default - AsyncAppender-Worker-ASYNCSTDOUT
2024-11-07 12:14:48,429 [INFO] in AsyncAppender-Worker-ASYNCSTDOUT - [[34mINFO [0;39m] c.jpro - remoteAddress 0:0:0:0:0:0:0:1 - AsyncAppender-Worker-ASYNCSTDOUT
2024-11-07 12:14:48,429 [INFO] in AsyncAppender-Worker-ASYNCSTDOUT - [[34mINFO [0;39m] c.jpro - host          localhost:8080 - AsyncAppender-Worker-ASYNCSTDOUT
2024-11-07 12:14:48,430 [INFO] in AsyncAppender-Worker-ASYNCSTDOUT - [[34mINFO [0;39m] c.jpro - uri           /app/ws/default - AsyncAppender-Worker-ASYNCSTDOUT
2024-11-07 12:14:48,563 [INFO] in JavaFX Application Thread - PrismFontFactory - FontConfigManager.populateMaps!!!! - JavaFX Application Thread
2024-11-07 12:14:48,597 [INFO] in AsyncAppender-Worker-ASYNCSTDOUT - [[34mINFO [0;39m] c.j.i.s.ViewInfo$ - [JPro] -> View created: {app_name: default, host_name: localhost:8080, instance_id: 497596969, browser: Google Chrome 130.0.0.0, browser_url: http://localhost:8080/, client_ip: 0:0:0:0:0:0:0:1} - AsyncAppender-Worker-ASYNCSTDOUT
2024-11-07 12:14:48,814 [INFO] in AsyncAppender-Worker-ASYNCSTDOUT - [[34mINFO [0;39m] c.j.i.c.InstanceImpl - [JPro] -> Instance created: {app_name: default, host_name: localhost:8080, instance_id: 497596969, browser: Google Chrome 130.0.0.0, browser_url: http://localhost:8080/, client_ip: 0:0:0:0:0:0:0:1} - AsyncAppender-Worker-ASYNCSTDOUT
2024-11-07 12:15:02,096 [INFO] in JavaFX Application Thread - Client: bookstore.lib.User@3bbee63 - JavaFX Application Thread
2024-11-07 12:15:02,097 [INFO] in JavaFX Application Thread - Client: buyer - JavaFX Application Thread
2024-11-07 12:15:02,097 [INFO] in JavaFX Application Thread - Client Role: buyer - JavaFX Application Thread
2024-11-07 12:15:02,097 [INFO] in JavaFX Application Thread - Client Password: password - JavaFX Application Thread
2024-11-07 12:15:02,097 [INFO] in JavaFX Application Thread - Client UUID: 15228e29-c0a0-415f-a7c0-4df7793db8d6 - JavaFX Application Thread
2024-11-07 12:15:02,099 [INFO] in JavaFX Application Thread - PG: buyer - JavaFX Application Thread
2024-11-07 12:15:02,099 [INFO] in JavaFX Application Thread - buyer - JavaFX Application Thread
2024-11-07 12:15:02,099 [INFO] in JavaFX Application Thread - Loading FXML: buyerLanding.fxml - JavaFX Application Thread
2024-11-07 12:15:02,099 [INFO] in JavaFX Application Thread - Loading FXML from: file:/Users/ragrwal/Documents/Rohan/ASU/F24%20Term%203%20Fall%202024/CSE%20360%20Intro%20to%20Software%20Engineering/Group%20Project/Phase3/BookstoreApp1/target/classes/buyerLanding.fxml - JavaFX Application Thread
2024-11-07 12:15:02,353 [INFO] in JavaFX Application Thread - Fetched listings with filters: {87a600fa-58ed-4f75-9a48-f5b44fa5d17d=bookstore.lib.Listings$Listing@2e1b19c9, 49b51994-4001-41ba-9adc-9cd8d0bbfba4=bookstore.lib.Listings$Listing@49d5e58c, a60a320e-4d6f-48c7-9568-bfce3cbe0d32=bookstore.lib.Listings$Listing@5b03d614, e4057e21-946c-4251-88b0-2edb7c0c0576=bookstore.lib.Listings$Listing@1949d50d, 783115ee-1bdf-4fbe-a726-c25b08b9c991=bookstore.lib.Listings$Listing@6f6a52bc, 826c7653-5c57-47a6-a4b9-de5bb4eb1657=bookstore.lib.Listings$Listing@9f53358, 626dccae-bde3-4411-9a3b-f3d10aa85807=bookstore.lib.Listings$Listing@4c83e704, 2b879f69-c7bb-4aee-9052-c5972f56407e=bookstore.lib.Listings$Listing@1b35b224, 1132b8ff-805d-4edd-9481-88ec6341be19=bookstore.lib.Listings$Listing@2677fc4c, 9fd63ef5-ef63-4364-bd80-86e02188d056=bookstore.lib.Listings$Listing@6387429, b7bfaee3-77bb-41f0-9867-80b3418aa552=bookstore.lib.Listings$Listing@55d0182d, ff3a67b6-5974-4e54-8234-fdb2b5a63237=bookstore.lib.Listings$Listing@63c23421, f932cd45-215b-4ca3-9bd1-697c07a14e5e=bookstore.lib.Listings$Listing@7a4e3189, f0116438-5877-4c38-a070-7af57aec71b2=bookstore.lib.Listings$Listing@3f929bd5} - JavaFX Application Thread
2024-11-07 12:15:02,354 [INFO] in JavaFX Application Thread - Updated ListView items: [1984 - $28.0 - Stock: 1, War and Peace - $15.99 - Stock: 3, Crime and Punishment - $14.99 - Stock: 0, Catch-22 - $12.5 - Stock: 1, Crime and Punishment - $29.99 - Stock: 4, The Catcher in the Rye - $10.99 - Stock: 9, The Odyssey - $12.5 - Stock: 3, The Iliad - $30.0 - Stock: 1, Catch-22 - $30.0 - Stock: 3, 1984 - $12.5 - Stock: 2, War and Peace - $40.0 - Stock: 3, Brave New World - $10.0 - Stock: 3, The Great Gatsby - $22.99 - Stock: 1, Pride and Prejudice - $16.99 - Stock: 6] - JavaFX Application Thread
2024-11-07 12:15:02,473 [INFO] in AsyncAppender-Worker-ASYNCSTDOUT - [[34mINFO [0;39m] c.j.m.t.SceneInputListener - On disposing SceneInputListener: primaryScene.window was null. Skipped the forced release of the mouse. - AsyncAppender-Worker-ASYNCSTDOUT
2024-11-07 12:15:15,768 [INFO] in JavaFX Application Thread - Executing update: UPDATE "Listings" SET quantity = quantity - 1 WHERE "Listing_UUID" = 'a60a320e-4d6f-48c7-9568-bfce3cbe0d32'::uuid AND quantity > 0 - JavaFX Application Thread
2024-11-07 12:15:15,790 [INFO] in JavaFX Application Thread - No rows affected, attempting to delete listing. - JavaFX Application Thread
2024-11-07 12:15:16,015 [INFO] in JavaFX Application Thread - Fetched listings with filters: {87a600fa-58ed-4f75-9a48-f5b44fa5d17d=bookstore.lib.Listings$Listing@30456656, 49b51994-4001-41ba-9adc-9cd8d0bbfba4=bookstore.lib.Listings$Listing@611ddeb4, e4057e21-946c-4251-88b0-2edb7c0c0576=bookstore.lib.Listings$Listing@4a6225a9, 783115ee-1bdf-4fbe-a726-c25b08b9c991=bookstore.lib.Listings$Listing@1a4c39ab, 826c7653-5c57-47a6-a4b9-de5bb4eb1657=bookstore.lib.Listings$Listing@1208b62, 626dccae-bde3-4411-9a3b-f3d10aa85807=bookstore.lib.Listings$Listing@e470d8c, 2b879f69-c7bb-4aee-9052-c5972f56407e=bookstore.lib.Listings$Listing@55532e80, 1132b8ff-805d-4edd-9481-88ec6341be19=bookstore.lib.Listings$Listing@2e29c4e0, 9fd63ef5-ef63-4364-bd80-86e02188d056=bookstore.lib.Listings$Listing@2bd731dc, b7bfaee3-77bb-41f0-9867-80b3418aa552=bookstore.lib.Listings$Listing@1dca7247, ff3a67b6-5974-4e54-8234-fdb2b5a63237=bookstore.lib.Listings$Listing@51217850, f932cd45-215b-4ca3-9bd1-697c07a14e5e=bookstore.lib.Listings$Listing@31cfa850, f0116438-5877-4c38-a070-7af57aec71b2=bookstore.lib.Listings$Listing@23042664} - JavaFX Application Thread
2024-11-07 12:15:16,015 [INFO] in JavaFX Application Thread - Updated ListView items: [1984 - $28.0 - Stock: 1, War and Peace - $15.99 - Stock: 3, Catch-22 - $12.5 - Stock: 1, Crime and Punishment - $29.99 - Stock: 4, The Catcher in the Rye - $10.99 - Stock: 9, The Odyssey - $12.5 - Stock: 3, The Iliad - $30.0 - Stock: 1, Catch-22 - $30.0 - Stock: 3, 1984 - $12.5 - Stock: 2, War and Peace - $40.0 - Stock: 3, Brave New World - $10.0 - Stock: 3, The Great Gatsby - $22.99 - Stock: 1, Pride and Prejudice - $16.99 - Stock: 6] - JavaFX Application Thread
2024-11-07 12:15:19,543 [INFO] in JavaFX Application Thread - Executing update: UPDATE "Listings" SET quantity = quantity - 1 WHERE "Listing_UUID" = '783115ee-1bdf-4fbe-a726-c25b08b9c991'::uuid AND quantity > 0 - JavaFX Application Thread
2024-11-07 12:15:19,565 [INFO] in JavaFX Application Thread - Quantity updated successfully. - JavaFX Application Thread
2024-11-07 12:15:19,760 [INFO] in JavaFX Application Thread - Fetched listings with filters: {87a600fa-58ed-4f75-9a48-f5b44fa5d17d=bookstore.lib.Listings$Listing@c0d1ff3, 49b51994-4001-41ba-9adc-9cd8d0bbfba4=bookstore.lib.Listings$Listing@20cba360, e4057e21-946c-4251-88b0-2edb7c0c0576=bookstore.lib.Listings$Listing@2c790290, 783115ee-1bdf-4fbe-a726-c25b08b9c991=bookstore.lib.Listings$Listing@59bf9466, 826c7653-5c57-47a6-a4b9-de5bb4eb1657=bookstore.lib.Listings$Listing@3d29ea25, 626dccae-bde3-4411-9a3b-f3d10aa85807=bookstore.lib.Listings$Listing@40849e43, 2b879f69-c7bb-4aee-9052-c5972f56407e=bookstore.lib.Listings$Listing@248d7941, 1132b8ff-805d-4edd-9481-88ec6341be19=bookstore.lib.Listings$Listing@134c512, 9fd63ef5-ef63-4364-bd80-86e02188d056=bookstore.lib.Listings$Listing@733e6fd3, b7bfaee3-77bb-41f0-9867-80b3418aa552=bookstore.lib.Listings$Listing@172c8171, ff3a67b6-5974-4e54-8234-fdb2b5a63237=bookstore.lib.Listings$Listing@5824a5a4, f932cd45-215b-4ca3-9bd1-697c07a14e5e=bookstore.lib.Listings$Listing@7f1ff7e7, f0116438-5877-4c38-a070-7af57aec71b2=bookstore.lib.Listings$Listing@7f5f5f20} - JavaFX Application Thread
2024-11-07 12:15:19,760 [INFO] in JavaFX Application Thread - Updated ListView items: [1984 - $28.0 - Stock: 1, War and Peace - $15.99 - Stock: 3, Catch-22 - $12.5 - Stock: 1, Crime and Punishment - $29.99 - Stock: 3, The Catcher in the Rye - $10.99 - Stock: 9, The Odyssey - $12.5 - Stock: 3, The Iliad - $30.0 - Stock: 1, Catch-22 - $30.0 - Stock: 3, 1984 - $12.5 - Stock: 2, War and Peace - $40.0 - Stock: 3, Brave New World - $10.0 - Stock: 3, The Great Gatsby - $22.99 - Stock: 1, Pride and Prejudice - $16.99 - Stock: 6] - JavaFX Application Thread
2024-11-07 12:15:19,764 [INFO] in JavaFX Application Thread - NEW PURCHASE LOGGED: Listing UUID: 783115ee-1bdf-4fbe-a726-c25b08b9c991, Buyer UUID: 15228e29-c0a0-415f-a7c0-4df7793db8d6, Seller UUID: 14f25211-a163-4f8f-ad28-73ef7d8ee74c, Sell Price: 29.99, Buy Price: 18.5, Book Title: Crime and Punishment - JavaFX Application Thread
2024-11-07 12:15:22,025 [INFO] in AsyncAppender-Worker-ASYNCSTDOUT - [[34mINFO [0;39m] p.a.i.l.c.CoordinatedShutdownSupport - Starting synchronous coordinated shutdown with ServerStoppedReason reason and 2147508000 milliseconds timeout - AsyncAppender-Worker-ASYNCSTDOUT
2024-11-07 12:15:22,026 [INFO] in AsyncAppender-Worker-ASYNCSTDOUT - [[34mINFO [0;39m] a.a.CoordinatedShutdown - Running CoordinatedShutdown with reason [ServerStoppedReason] - AsyncAppender-Worker-ASYNCSTDOUT
2024-11-07 12:15:22,028 [INFO] in AsyncAppender-Worker-ASYNCSTDOUT - [[34mINFO [0;39m] p.c.s.AkkaHttpServer - Stopping Akka HTTP server... - AsyncAppender-Worker-ASYNCSTDOUT
2024-11-07 12:15:22,032 [INFO] in AsyncAppender-Worker-ASYNCSTDOUT - [[34mINFO [0;39m] p.c.s.AkkaHttpServer - Terminating server binding for /[0:0:0:0:0:0:0:0]:8080 - AsyncAppender-Worker-ASYNCSTDOUT
2024-11-07 12:15:22,045 [INFO] in AsyncAppender-Worker-ASYNCSTDOUT - [[34mINFO [0;39m] p.c.s.AkkaHttpServer - Running provided shutdown stop hooks - AsyncAppender-Worker-ASYNCSTDOUT
2024-11-07 12:15:22,047 [INFO] in AsyncAppender-Worker-ASYNCSTDOUT - [[34mINFO [0;39m] c.j.i.s.JProInitializer$ - [JPro] -> Server stopped: {running_time: 35.315s, instances_count: 1, views_count: 1, os_name: Mac OS X, jpro_version: 2024.4.0, reason: jvm-shutdown} - AsyncAppender-Worker-ASYNCSTDOUT
2024-11-07 12:15:22,047 [INFO] in AsyncAppender-Worker-ASYNCSTDOUT - [[34mINFO [0;39m] c.jpro.activity - Closing the server -> used memory: 67 MB  -  free system memory: 108 MB - AsyncAppender-Worker-ASYNCSTDOUT
2024-11-19 22:05:16,218 [INFO] in AsyncAppender-Worker-ASYNCSTDOUT - [[34mINFO [0;39m] c.jpro.activity - Starting the server - AsyncAppender-Worker-ASYNCSTDOUT
2024-11-19 22:05:16,218 [INFO] in AsyncAppender-Worker-ASYNCSTDOUT - [[34mINFO [0;39m] c.j.i.s.JProInitializer$ -  *** Starting JPro: https://www.jpro.one/ *** - AsyncAppender-Worker-ASYNCSTDOUT
2024-11-19 22:05:16,218 [INFO] in AsyncAppender-Worker-ASYNCSTDOUT - [[34mINFO [0;39m] c.j.i.s.JProInitializer$ - OS: Mac OS X - AsyncAppender-Worker-ASYNCSTDOUT
2024-11-19 22:05:16,225 [INFO] in AsyncAppender-Worker-ASYNCSTDOUT - [[34mINFO [0;39m] c.j.i.s.JProInitializer$ - JPro: 2024.4.0 - AsyncAppender-Worker-ASYNCSTDOUT
2024-11-19 22:05:16,225 [INFO] in AsyncAppender-Worker-ASYNCSTDOUT - [[34mINFO [0;39m] c.j.i.s.JProInitializer$ - Java version: 23 - AsyncAppender-Worker-ASYNCSTDOUT
2024-11-19 22:05:16,225 [INFO] in AsyncAppender-Worker-ASYNCSTDOUT - [[34mINFO [0;39m] c.j.i.s.JProInitializer$ - JVM: 23 Homebrew - AsyncAppender-Worker-ASYNCSTDOUT
2024-11-19 22:05:16,226 [INFO] in AsyncAppender-Worker-ASYNCSTDOUT - [[34mINFO [0;39m] c.j.i.s.JProInitializer$ - JavaFX jar: file:/Users/ragrwal/.m2/repository/org/openjfx/javafx-graphics/23.0.1-jpro/javafx-graphics-23.0.1-jpro-mac-aarch64.jar - AsyncAppender-Worker-ASYNCSTDOUT
2024-11-19 22:05:16,227 [INFO] in AsyncAppender-Worker-ASYNCSTDOUT - [[34mINFO [0;39m] c.j.i.s.JProInitializer$ - Configuring logging from url: 'jar:file:/Users/ragrwal/.m2/repository/com/sandec/jpro/jpro-server_2.12/2024.4.0/jpro-server_2.12-2024.4.0.jar!/logback-jpro-default.xml' - AsyncAppender-Worker-ASYNCSTDOUT
2024-11-19 22:05:16,422 [INFO] in AsyncAppender-Worker-ASYNCSTDOUT - [[34mINFO [0;39m] c.j.i.s.JProInitializer$ - JavaFX version: 23.0.1-jpro+0 - AsyncAppender-Worker-ASYNCSTDOUT
2024-11-19 22:05:16,447 [INFO] in JavaFX Application Thread - G1 Young Generation - JavaFX Application Thread
2024-11-19 22:05:16,447 [INFO] in JavaFX Application Thread - G1 Concurrent GC - JavaFX Application Thread
2024-11-19 22:05:16,447 [INFO] in JavaFX Application Thread - G1 Old Generation - JavaFX Application Thread
2024-11-19 22:05:16,463 [INFO] in AsyncAppender-Worker-ASYNCSTDOUT - [[34mINFO [0;39m] c.j.i.s.JProInitializer$ - finished init! - AsyncAppender-Worker-ASYNCSTDOUT
2024-11-19 22:05:16,465 [INFO] in AsyncAppender-Worker-ASYNCSTDOUT - [[34mINFO [0;39m] c.j.i.s.JProInitializer$ - [JPro] -> Server started: {start_time: 1732079116209, os_name: Mac OS X, jpro_version: 2024.4.0} - AsyncAppender-Worker-ASYNCSTDOUT
2024-11-19 22:05:16,673 [INFO] in AsyncAppender-Worker-ASYNCSTDOUT - [[34mINFO [0;39m] a.e.s.Slf4jLogger - Slf4jLogger started - AsyncAppender-Worker-ASYNCSTDOUT
2024-11-19 22:05:16,941 [INFO] in AsyncAppender-Worker-ASYNCSTDOUT - [[34mINFO [0;39m] play.api.Play - Application started (Prod) (no global state) - AsyncAppender-Worker-ASYNCSTDOUT
2024-11-19 22:05:17,193 [INFO] in AsyncAppender-Worker-ASYNCSTDOUT - [[34mINFO [0;39m] p.c.s.AkkaHttpServer - Enabling HTTP/2 on Akka HTTP server... - AsyncAppender-Worker-ASYNCSTDOUT
2024-11-19 22:05:17,194 [INFO] in AsyncAppender-Worker-ASYNCSTDOUT - [[34mINFO [0;39m] p.c.s.AkkaHttpServer - Listening for HTTP on /[0:0:0:0:0:0:0:0]:8080 - AsyncAppender-Worker-ASYNCSTDOUT
2024-11-19 22:05:18,732 [INFO] in AsyncAppender-Worker-ASYNCSTDOUT - [[34mINFO [0;39m] c.jpro - application requested: default params: Map() - AsyncAppender-Worker-ASYNCSTDOUT
2024-11-19 22:05:18,736 [INFO] in AsyncAppender-Worker-ASYNCSTDOUT - [[34mINFO [0;39m] c.jpro - Creating Application: default - AsyncAppender-Worker-ASYNCSTDOUT
2024-11-19 22:05:18,738 [INFO] in AsyncAppender-Worker-ASYNCSTDOUT - [[34mINFO [0;39m] c.jpro - remoteAddress 0:0:0:0:0:0:0:1 - AsyncAppender-Worker-ASYNCSTDOUT
2024-11-19 22:05:18,738 [INFO] in AsyncAppender-Worker-ASYNCSTDOUT - [[34mINFO [0;39m] c.jpro - host          localhost:8080 - AsyncAppender-Worker-ASYNCSTDOUT
2024-11-19 22:05:18,738 [INFO] in AsyncAppender-Worker-ASYNCSTDOUT - [[34mINFO [0;39m] c.jpro - uri           /app/ws/default - AsyncAppender-Worker-ASYNCSTDOUT
2024-11-19 22:05:18,866 [INFO] in JavaFX Application Thread - PrismFontFactory - FontConfigManager.populateMaps!!!! - JavaFX Application Thread
2024-11-19 22:05:18,891 [INFO] in AsyncAppender-Worker-ASYNCSTDOUT - [[34mINFO [0;39m] c.j.i.s.ViewInfo$ - [JPro] -> View created: {app_name: default, host_name: localhost:8080, instance_id: 1845941954, browser: Google Chrome 131.0.0.0, browser_url: http://localhost:8080/, client_ip: 0:0:0:0:0:0:0:1} - AsyncAppender-Worker-ASYNCSTDOUT
2024-11-19 22:05:19,091 [INFO] in AsyncAppender-Worker-ASYNCSTDOUT - [[34mINFO [0;39m] c.j.i.c.InstanceImpl - [JPro] -> Instance created: {app_name: default, host_name: localhost:8080, instance_id: 1845941954, browser: Google Chrome 131.0.0.0, browser_url: http://localhost:8080/, client_ip: 0:0:0:0:0:0:0:1} - AsyncAppender-Worker-ASYNCSTDOUT
2024-11-19 22:05:23,408 [INFO] in JavaFX Application Thread - Client: bookstore.lib.User@289cc9f0 - JavaFX Application Thread
2024-11-19 22:05:23,408 [INFO] in JavaFX Application Thread - Client: buyer - JavaFX Application Thread
2024-11-19 22:05:23,408 [INFO] in JavaFX Application Thread - Client Role: buyer - JavaFX Application Thread
2024-11-19 22:05:23,408 [INFO] in JavaFX Application Thread - Client Password: password - JavaFX Application Thread
2024-11-19 22:05:23,408 [INFO] in JavaFX Application Thread - Client UUID: 15228e29-c0a0-415f-a7c0-4df7793db8d6 - JavaFX Application Thread
2024-11-19 22:05:23,410 [INFO] in JavaFX Application Thread - PG: buyer - JavaFX Application Thread
2024-11-19 22:05:23,410 [INFO] in JavaFX Application Thread - buyer - JavaFX Application Thread
2024-11-19 22:05:23,410 [INFO] in JavaFX Application Thread - Loading FXML: buyerLanding.fxml - JavaFX Application Thread
2024-11-19 22:05:23,411 [INFO] in JavaFX Application Thread - Loading FXML from: file:/Users/ragrwal/Documents/Rohan/ASU/F24%20Term%203%20Fall%202024/CSE%20360%20Intro%20to%20Software%20Engineering/Group%20Project/Phase3/BookstoreApp1/target/classes/buyerLanding.fxml - JavaFX Application Thread
2024-11-19 22:05:23,814 [INFO] in AsyncAppender-Worker-ASYNCSTDOUT - [[34mINFO [0;39m] c.j.m.t.SceneInputListener - On disposing SceneInputListener: primaryScene.window was null. Skipped the forced release of the mouse. - AsyncAppender-Worker-ASYNCSTDOUT
2024-11-19 22:05:29,516 [INFO] in AsyncAppender-Worker-ASYNCSTDOUT - [[34mINFO [0;39m] c.j.i.s.ViewInfo$ - [JPro] -> View closed: {app_name: default, host_name: localhost:8080, instance_id: 1845941954, browser: Google Chrome 131.0.0.0, browser_url: http://localhost:8080/, client_ip: 0:0:0:0:0:0:0:1, reason: tab-closed} - AsyncAppender-Worker-ASYNCSTDOUT
2024-11-19 22:05:29,526 [INFO] in AsyncAppender-Worker-ASYNCSTDOUT - [[34mINFO [0;39m] c.j.i.s.ViewInfo$ -  - AsyncAppender-Worker-ASYNCSTDOUT
2024-11-19 22:05:29,526 [INFO] in AsyncAppender-Worker-ASYNCSTDOUT - [[34mINFO [0;39m] c.j.i.s.ViewInfo$ - Application closed: - AsyncAppender-Worker-ASYNCSTDOUT
2024-11-19 22:05:29,541 [INFO] in AsyncAppender-Worker-ASYNCSTDOUT - [[34mINFO [0;39m] c.j.i.s.ViewInfo$ - startTime      : Tue Nov 19 22:05:29 MST 2024       - AsyncAppender-Worker-ASYNCSTDOUT
2024-11-19 22:05:29,541 [INFO] in AsyncAppender-Worker-ASYNCSTDOUT - [[34mINFO [0;39m] c.j.i.s.ViewInfo$ - averageLatency : 00:00:00.002  - AsyncAppender-Worker-ASYNCSTDOUT
2024-11-19 22:05:29,542 [INFO] in AsyncAppender-Worker-ASYNCSTDOUT - [[34mINFO [0;39m] c.j.i.s.ViewInfo$ - averageJitter  : 00:00:00.001   - AsyncAppender-Worker-ASYNCSTDOUT
2024-11-19 22:05:29,542 [INFO] in AsyncAppender-Worker-ASYNCSTDOUT - [[34mINFO [0;39m] c.j.i.s.ViewInfo$ - framerateServer: 00:00:00.000 - AsyncAppender-Worker-ASYNCSTDOUT
2024-11-19 22:05:29,542 [INFO] in AsyncAppender-Worker-ASYNCSTDOUT - [[34mINFO [0;39m] c.j.i.s.ViewInfo$ - framerateClient: 00:00:00.000 - AsyncAppender-Worker-ASYNCSTDOUT
2024-11-19 22:05:29,542 [INFO] in AsyncAppender-Worker-ASYNCSTDOUT - [[34mINFO [0;39m] c.j.i.s.ViewInfo$ - raw            : 439232 - AsyncAppender-Worker-ASYNCSTDOUT
2024-11-19 22:05:29,542 [INFO] in AsyncAppender-Worker-ASYNCSTDOUT - [[34mINFO [0;39m] c.j.i.s.ViewInfo$ - zipped         : 93859 - AsyncAppender-Worker-ASYNCSTDOUT
2024-11-19 22:05:29,542 [INFO] in AsyncAppender-Worker-ASYNCSTDOUT - [[34mINFO [0;39m] c.j.i.s.ViewInfo$ -  - AsyncAppender-Worker-ASYNCSTDOUT
2024-11-19 22:05:30,518 [INFO] in AsyncAppender-Worker-ASYNCSTDOUT - [[34mINFO [0;39m] c.j.i.c.InstanceImpl - [JPro] -> Instance closed: {app_name: default, host_name: localhost:8080, instance_id: 1845941954, browser: Google Chrome 131.0.0.0, browser_url: http://localhost:8080/, client_ip: 0:0:0:0:0:0:0:1, reason: close-tab-closed} - AsyncAppender-Worker-ASYNCSTDOUT
2024-11-19 22:06:09,845 [INFO] in AsyncAppender-Worker-ASYNCSTDOUT - [[34mINFO [0;39m] p.a.i.l.c.CoordinatedShutdownSupport - Starting synchronous coordinated shutdown with ServerStoppedReason reason and 2147508000 milliseconds timeout - AsyncAppender-Worker-ASYNCSTDOUT
2024-11-19 22:06:09,849 [INFO] in AsyncAppender-Worker-ASYNCSTDOUT - [[34mINFO [0;39m] a.a.CoordinatedShutdown - Running CoordinatedShutdown with reason [ServerStoppedReason] - AsyncAppender-Worker-ASYNCSTDOUT
2024-11-19 22:06:09,854 [INFO] in AsyncAppender-Worker-ASYNCSTDOUT - [[34mINFO [0;39m] p.c.s.AkkaHttpServer - Stopping Akka HTTP server... - AsyncAppender-Worker-ASYNCSTDOUT
2024-11-19 22:06:09,861 [INFO] in AsyncAppender-Worker-ASYNCSTDOUT - [[34mINFO [0;39m] p.c.s.AkkaHttpServer - Terminating server binding for /[0:0:0:0:0:0:0:0]:8080 - AsyncAppender-Worker-ASYNCSTDOUT
2024-11-19 22:06:09,879 [INFO] in AsyncAppender-Worker-ASYNCSTDOUT - [[34mINFO [0;39m] p.c.s.AkkaHttpServer - Running provided shutdown stop hooks - AsyncAppender-Worker-ASYNCSTDOUT
2024-11-19 22:06:09,883 [INFO] in AsyncAppender-Worker-ASYNCSTDOUT - [[34mINFO [0;39m] c.j.i.s.JProInitializer$ - [JPro] -> Server stopped: {running_time: 53.613s, instances_count: 0, views_count: 0, os_name: Mac OS X, jpro_version: 2024.4.0, reason: jvm-shutdown} - AsyncAppender-Worker-ASYNCSTDOUT
2024-11-19 22:06:09,884 [INFO] in AsyncAppender-Worker-ASYNCSTDOUT - [[34mINFO [0;39m] c.jpro.activity - Closing the server -> used memory: 73 MB  -  free system memory: 114 MB - AsyncAppender-Worker-ASYNCSTDOUT
